<?xml version="1.0" encoding="UTF-8"?>
<!-- Generated by org.testng.reporters.JUnitReportReporter -->
<testsuite hostname="Ravichandra" name="com.Vtiger.scripts.TestHomePage" tests="1" failures="0" timestamp="24 Jan 2020 06:11:54 GMT" time="28.999" errors="0">
  <testcase name="validLoginPage" time="28.999" classname="com.Vtiger.scripts.TestHomePage"/>
</testsuite> <!-- com.Vtiger.scripts.TestHomePage -->
